2025-07-19 21:51:09,590 DEBUG Horse [main] Создание Horse, имя [Bucephalus], скорость [2.4]
2025-07-19 21:51:09,612 DEBUG Horse [main] Создание Horse, имя [Ace of Spades], скорость [2.5]
2025-07-19 21:51:09,613 DEBUG Horse [main] Создание Horse, имя [Zephyr], скорость [2.6]
2025-07-19 21:51:09,613 DEBUG Horse [main] Создание Horse, имя [Blaze], скорость [2.7]
2025-07-19 21:51:09,613 DEBUG Horse [main] Создание Horse, имя [Lobster], скорость [2.8]
2025-07-19 21:51:09,613 DEBUG Horse [main] Создание Horse, имя [Pegasus], скорость [2.9]
2025-07-19 21:51:09,614 DEBUG Horse [main] Создание Horse, имя [Cherry], скорость [3.0]
2025-07-19 21:51:09,616 DEBUG Hippodrome [main] Создание Hippodrome, лошадей [7]
2025-07-19 21:51:09,616 INFO Main [main] Начало скачек. Количество участников: 7
2025-07-19 21:51:30,196 INFO Main [main] Окончание скачек. Победитель: Cherry
2025-06-26 22:14:23,130 DEBUG Horse [main] Создание Horse, имя [Bucephalus], скорость [2.4]
2025-06-26 22:14:23,135 DEBUG Horse [main] Создание Horse, имя [Ace of Spades], скорость [2.5]
2025-06-26 22:14:23,135 DEBUG Horse [main] Создание Horse, имя [Zephyr], скорость [2.6]
2025-06-26 22:14:23,135 DEBUG Horse [main] Создание Horse, имя [Blaze], скорость [2.7]
2025-06-26 22:14:23,135 DEBUG Horse [main] Создание Horse, имя [Lobster], скорость [2.8]
2025-06-26 22:14:23,136 DEBUG Horse [main] Создание Horse, имя [Pegasus], скорость [2.9]
2025-06-26 22:14:23,136 DEBUG Horse [main] Создание Horse, имя [Cherry], скорость [3.0]
2025-06-26 22:14:23,138 DEBUG Hippodrome [main] Создание Hippodrome, лошадей [7]
2025-06-26 22:14:23,138 INFO Main [main] Начало скачек. Количество участников: 7
2025-06-26 22:14:36,404 DEBUG Horse [main] Создание Horse, имя [Bucephalus], скорость [2.4]
2025-06-26 22:14:36,408 DEBUG Horse [main] Создание Horse, имя [Ace of Spades], скорость [2.5]
2025-06-26 22:14:36,408 DEBUG Horse [main] Создание Horse, имя [Zephyr], скорость [2.6]
2025-06-26 22:14:36,408 DEBUG Horse [main] Создание Horse, имя [Blaze], скорость [2.7]
2025-06-26 22:14:36,409 DEBUG Horse [main] Создание Horse, имя [Lobster], скорость [2.8]
2025-06-26 22:14:36,409 DEBUG Horse [main] Создание Horse, имя [Pegasus], скорость [2.9]
2025-06-26 22:14:36,409 DEBUG Horse [main] Создание Horse, имя [Cherry], скорость [3.0]
2025-06-26 22:14:36,410 DEBUG Hippodrome [main] Создание Hippodrome, лошадей [7]
2025-06-26 22:14:36,410 INFO Main [main] Начало скачек. Количество участников: 7
2025-06-26 22:14:57,123 INFO Main [main] Окончание скачек. Победитель: Cherry
2025-06-26 22:15:11,681 DEBUG Horse [main] Создание Horse, имя [Bucephalus], скорость [2.4]
2025-06-26 22:15:11,686 DEBUG Horse [main] Создание Horse, имя [Ace of Spades], скорость [2.5]
2025-06-26 22:15:11,686 DEBUG Horse [main] Создание Horse, имя [Zephyr], скорость [2.6]
2025-06-26 22:15:11,686 DEBUG Horse [main] Создание Horse, имя [Blaze], скорость [2.7]
2025-06-26 22:15:11,686 DEBUG Horse [main] Создание Horse, имя [Lobster], скорость [2.8]
2025-06-26 22:15:11,687 DEBUG Horse [main] Создание Horse, имя [Pegasus], скорость [2.9]
2025-06-26 22:15:11,687 DEBUG Horse [main] Создание Horse, имя [Cherry], скорость [3.0]
2025-06-26 22:15:11,688 DEBUG Hippodrome [main] Создание Hippodrome, лошадей [7]
2025-06-26 22:15:11,688 INFO Main [main] Начало скачек. Количество участников: 7
